[2023-02-12 19:44:40] local.ERROR: chdir(): No such file or directory (errno 2) {"exception":"[object] (ErrorException(code: 0): chdir(): No such file or directory (errno 2) at C:\\laragon\\www\\cinoc\\main\\vendor\\laravel\\framework\\src\\Illuminate\\Foundation\\Console\\ServeCommand.php:43)
[stacktrace]
#0 [internal function]: Illuminate\\Foundation\\Bootstrap\\HandleExceptions->handleError(2, 'chdir(): No suc...', 'C:\\\\laragon\\\\www\\\\...', 43, Array)
#1 C:\\laragon\\www\\cinoc\\main\\vendor\\laravel\\framework\\src\\Illuminate\\Foundation\\Console\\ServeCommand.php(43): chdir('C:\\\\laragon\\\\www\\\\...')
#2 C:\\laragon\\www\\cinoc\\main\\vendor\\laravel\\framework\\src\\Illuminate\\Container\\BoundMethod.php(36): Illuminate\\Foundation\\Console\\ServeCommand->handle()
#3 C:\\laragon\\www\\cinoc\\main\\vendor\\laravel\\framework\\src\\Illuminate\\Container\\Util.php(37): Illuminate\\Container\\BoundMethod::Illuminate\\Container\\{closure}()
#4 C:\\laragon\\www\\cinoc\\main\\vendor\\laravel\\framework\\src\\Illuminate\\Container\\BoundMethod.php(93): Illuminate\\Container\\Util::unwrapIfClosure(Object(Closure))
#5 C:\\laragon\\www\\cinoc\\main\\vendor\\laravel\\framework\\src\\Illuminate\\Container\\BoundMethod.php(37): Illuminate\\Container\\BoundMethod::callBoundMethod(Object(Illuminate\\Foundation\\Application), Array, Object(Closure))
#6 C:\\laragon\\www\\cinoc\\main\\vendor\\laravel\\framework\\src\\Illuminate\\Container\\Container.php(596): Illuminate\\Container\\BoundMethod::call(Object(Illuminate\\Foundation\\Application), Array, Array, NULL)
#7 C:\\laragon\\www\\cinoc\\main\\vendor\\laravel\\framework\\src\\Illuminate\\Console\\Command.php(134): Illuminate\\Container\\Container->call(Array)
#8 C:\\laragon\\www\\cinoc\\main\\vendor\\symfony\\console\\Command\\Command.php(298): Illuminate\\Console\\Command->execute(Object(Symfony\\Component\\Console\\Input\\ArgvInput), Object(Illuminate\\Console\\OutputStyle))
#9 C:\\laragon\\www\\cinoc\\main\\vendor\\laravel\\framework\\src\\Illuminate\\Console\\Command.php(121): Symfony\\Component\\Console\\Command\\Command->run(Object(Symfony\\Component\\Console\\Input\\ArgvInput), Object(Illuminate\\Console\\OutputStyle))
#10 C:\\laragon\\www\\cinoc\\main\\vendor\\symfony\\console\\Application.php(1040): Illuminate\\Console\\Command->run(Object(Symfony\\Component\\Console\\Input\\ArgvInput), Object(Symfony\\Component\\Console\\Output\\ConsoleOutput))
#11 C:\\laragon\\www\\cinoc\\main\\vendor\\symfony\\console\\Application.php(301): Symfony\\Component\\Console\\Application->doRunCommand(Object(Illuminate\\Foundation\\Console\\ServeCommand), Object(Symfony\\Component\\Console\\Input\\ArgvInput), Object(Symfony\\Component\\Console\\Output\\ConsoleOutput))
#12 C:\\laragon\\www\\cinoc\\main\\vendor\\symfony\\console\\Application.php(171): Symfony\\Component\\Console\\Application->doRun(Object(Symfony\\Component\\Console\\Input\\ArgvInput), Object(Symfony\\Component\\Console\\Output\\ConsoleOutput))
#13 C:\\laragon\\www\\cinoc\\main\\vendor\\laravel\\framework\\src\\Illuminate\\Console\\Application.php(93): Symfony\\Component\\Console\\Application->run(Object(Symfony\\Component\\Console\\Input\\ArgvInput), Object(Symfony\\Component\\Console\\Output\\ConsoleOutput))
#14 C:\\laragon\\www\\cinoc\\main\\vendor\\laravel\\framework\\src\\Illuminate\\Foundation\\Console\\Kernel.php(129): Illuminate\\Console\\Application->run(Object(Symfony\\Component\\Console\\Input\\ArgvInput), Object(Symfony\\Component\\Console\\Output\\ConsoleOutput))
#15 C:\\laragon\\www\\cinoc\\main\\artisan(72): Illuminate\\Foundation\\Console\\Kernel->handle(Object(Symfony\\Component\\Console\\Input\\ArgvInput), Object(Symfony\\Component\\Console\\Output\\ConsoleOutput))
#16 {main}
"} 
[2023-02-12 19:45:13] local.ERROR: chdir(): No such file or directory (errno 2) {"exception":"[object] (ErrorException(code: 0): chdir(): No such file or directory (errno 2) at C:\\laragon\\www\\cinoc\\main\\vendor\\laravel\\framework\\src\\Illuminate\\Foundation\\Console\\ServeCommand.php:43)
[stacktrace]
#0 [internal function]: Illuminate\\Foundation\\Bootstrap\\HandleExceptions->handleError(2, 'chdir(): No suc...', 'C:\\\\laragon\\\\www\\\\...', 43, Array)
#1 C:\\laragon\\www\\cinoc\\main\\vendor\\laravel\\framework\\src\\Illuminate\\Foundation\\Console\\ServeCommand.php(43): chdir('C:\\\\laragon\\\\www\\\\...')
#2 C:\\laragon\\www\\cinoc\\main\\vendor\\laravel\\framework\\src\\Illuminate\\Container\\BoundMethod.php(36): Illuminate\\Foundation\\Console\\ServeCommand->handle()
#3 C:\\laragon\\www\\cinoc\\main\\vendor\\laravel\\framework\\src\\Illuminate\\Container\\Util.php(37): Illuminate\\Container\\BoundMethod::Illuminate\\Container\\{closure}()
#4 C:\\laragon\\www\\cinoc\\main\\vendor\\laravel\\framework\\src\\Illuminate\\Container\\BoundMethod.php(93): Illuminate\\Container\\Util::unwrapIfClosure(Object(Closure))
#5 C:\\laragon\\www\\cinoc\\main\\vendor\\laravel\\framework\\src\\Illuminate\\Container\\BoundMethod.php(37): Illuminate\\Container\\BoundMethod::callBoundMethod(Object(Illuminate\\Foundation\\Application), Array, Object(Closure))
#6 C:\\laragon\\www\\cinoc\\main\\vendor\\laravel\\framework\\src\\Illuminate\\Container\\Container.php(596): Illuminate\\Container\\BoundMethod::call(Object(Illuminate\\Foundation\\Application), Array, Array, NULL)
#7 C:\\laragon\\www\\cinoc\\main\\vendor\\laravel\\framework\\src\\Illuminate\\Console\\Command.php(134): Illuminate\\Container\\Container->call(Array)
#8 C:\\laragon\\www\\cinoc\\main\\vendor\\symfony\\console\\Command\\Command.php(298): Illuminate\\Console\\Command->execute(Object(Symfony\\Component\\Console\\Input\\ArgvInput), Object(Illuminate\\Console\\OutputStyle))
#9 C:\\laragon\\www\\cinoc\\main\\vendor\\laravel\\framework\\src\\Illuminate\\Console\\Command.php(121): Symfony\\Component\\Console\\Command\\Command->run(Object(Symfony\\Component\\Console\\Input\\ArgvInput), Object(Illuminate\\Console\\OutputStyle))
#10 C:\\laragon\\www\\cinoc\\main\\vendor\\symfony\\console\\Application.php(1040): Illuminate\\Console\\Command->run(Object(Symfony\\Component\\Console\\Input\\ArgvInput), Object(Symfony\\Component\\Console\\Output\\ConsoleOutput))
#11 C:\\laragon\\www\\cinoc\\main\\vendor\\symfony\\console\\Application.php(301): Symfony\\Component\\Console\\Application->doRunCommand(Object(Illuminate\\Foundation\\Console\\ServeCommand), Object(Symfony\\Component\\Console\\Input\\ArgvInput), Object(Symfony\\Component\\Console\\Output\\ConsoleOutput))
#12 C:\\laragon\\www\\cinoc\\main\\vendor\\symfony\\console\\Application.php(171): Symfony\\Component\\Console\\Application->doRun(Object(Symfony\\Component\\Console\\Input\\ArgvInput), Object(Symfony\\Component\\Console\\Output\\ConsoleOutput))
#13 C:\\laragon\\www\\cinoc\\main\\vendor\\laravel\\framework\\src\\Illuminate\\Console\\Application.php(93): Symfony\\Component\\Console\\Application->run(Object(Symfony\\Component\\Console\\Input\\ArgvInput), Object(Symfony\\Component\\Console\\Output\\ConsoleOutput))
#14 C:\\laragon\\www\\cinoc\\main\\vendor\\laravel\\framework\\src\\Illuminate\\Foundation\\Console\\Kernel.php(129): Illuminate\\Console\\Application->run(Object(Symfony\\Component\\Console\\Input\\ArgvInput), Object(Symfony\\Component\\Console\\Output\\ConsoleOutput))
#15 C:\\laragon\\www\\cinoc\\main\\artisan(72): Illuminate\\Foundation\\Console\\Kernel->handle(Object(Symfony\\Component\\Console\\Input\\ArgvInput), Object(Symfony\\Component\\Console\\Output\\ConsoleOutput))
#16 {main}
"} 
[2023-02-12 19:47:57] local.ERROR: chdir(): No such file or directory (errno 2) {"exception":"[object] (ErrorException(code: 0): chdir(): No such file or directory (errno 2) at C:\\laragon\\www\\cinoc\\main\\vendor\\laravel\\framework\\src\\Illuminate\\Foundation\\Console\\ServeCommand.php:43)
[stacktrace]
#0 [internal function]: Illuminate\\Foundation\\Bootstrap\\HandleExceptions->handleError(2, 'chdir(): No suc...', 'C:\\\\laragon\\\\www\\\\...', 43, Array)
#1 C:\\laragon\\www\\cinoc\\main\\vendor\\laravel\\framework\\src\\Illuminate\\Foundation\\Console\\ServeCommand.php(43): chdir('C:\\\\laragon\\\\www\\\\...')
#2 C:\\laragon\\www\\cinoc\\main\\vendor\\laravel\\framework\\src\\Illuminate\\Container\\BoundMethod.php(36): Illuminate\\Foundation\\Console\\ServeCommand->handle()
#3 C:\\laragon\\www\\cinoc\\main\\vendor\\laravel\\framework\\src\\Illuminate\\Container\\Util.php(37): Illuminate\\Container\\BoundMethod::Illuminate\\Container\\{closure}()
#4 C:\\laragon\\www\\cinoc\\main\\vendor\\laravel\\framework\\src\\Illuminate\\Container\\BoundMethod.php(93): Illuminate\\Container\\Util::unwrapIfClosure(Object(Closure))
#5 C:\\laragon\\www\\cinoc\\main\\vendor\\laravel\\framework\\src\\Illuminate\\Container\\BoundMethod.php(37): Illuminate\\Container\\BoundMethod::callBoundMethod(Object(Illuminate\\Foundation\\Application), Array, Object(Closure))
#6 C:\\laragon\\www\\cinoc\\main\\vendor\\laravel\\framework\\src\\Illuminate\\Container\\Container.php(596): Illuminate\\Container\\BoundMethod::call(Object(Illuminate\\Foundation\\Application), Array, Array, NULL)
#7 C:\\laragon\\www\\cinoc\\main\\vendor\\laravel\\framework\\src\\Illuminate\\Console\\Command.php(134): Illuminate\\Container\\Container->call(Array)
#8 C:\\laragon\\www\\cinoc\\main\\vendor\\symfony\\console\\Command\\Command.php(298): Illuminate\\Console\\Command->execute(Object(Symfony\\Component\\Console\\Input\\ArgvInput), Object(Illuminate\\Console\\OutputStyle))
#9 C:\\laragon\\www\\cinoc\\main\\vendor\\laravel\\framework\\src\\Illuminate\\Console\\Command.php(121): Symfony\\Component\\Console\\Command\\Command->run(Object(Symfony\\Component\\Console\\Input\\ArgvInput), Object(Illuminate\\Console\\OutputStyle))
#10 C:\\laragon\\www\\cinoc\\main\\vendor\\symfony\\console\\Application.php(1040): Illuminate\\Console\\Command->run(Object(Symfony\\Component\\Console\\Input\\ArgvInput), Object(Symfony\\Component\\Console\\Output\\ConsoleOutput))
#11 C:\\laragon\\www\\cinoc\\main\\vendor\\symfony\\console\\Application.php(301): Symfony\\Component\\Console\\Application->doRunCommand(Object(Illuminate\\Foundation\\Console\\ServeCommand), Object(Symfony\\Component\\Console\\Input\\ArgvInput), Object(Symfony\\Component\\Console\\Output\\ConsoleOutput))
#12 C:\\laragon\\www\\cinoc\\main\\vendor\\symfony\\console\\Application.php(171): Symfony\\Component\\Console\\Application->doRun(Object(Symfony\\Component\\Console\\Input\\ArgvInput), Object(Symfony\\Component\\Console\\Output\\ConsoleOutput))
#13 C:\\laragon\\www\\cinoc\\main\\vendor\\laravel\\framework\\src\\Illuminate\\Console\\Application.php(93): Symfony\\Component\\Console\\Application->run(Object(Symfony\\Component\\Console\\Input\\ArgvInput), Object(Symfony\\Component\\Console\\Output\\ConsoleOutput))
#14 C:\\laragon\\www\\cinoc\\main\\vendor\\laravel\\framework\\src\\Illuminate\\Foundation\\Console\\Kernel.php(129): Illuminate\\Console\\Application->run(Object(Symfony\\Component\\Console\\Input\\ArgvInput), Object(Symfony\\Component\\Console\\Output\\ConsoleOutput))
#15 C:\\laragon\\www\\cinoc\\main\\artisan(72): Illuminate\\Foundation\\Console\\Kernel->handle(Object(Symfony\\Component\\Console\\Input\\ArgvInput), Object(Symfony\\Component\\Console\\Output\\ConsoleOutput))
#16 {main}
"} 
[2023-02-12 22:21:16] local.ERROR: SQLSTATE[42S22]: Column not found: 1054 Unknown column 'job_experiences.job_experince' in 'field list' (SQL: select `jobs`.`company_id`, `jobs`.`id`, `jobs`.`title`, `jobs`.`description`, `job_experiences`.`job_experince`, `functional_areas`.`functional_area`, `degree_levels`.`qualification`, `jobs`.`salary_currency`, `jobs`.`num_of_positions`, `jobs`.`position`, `companies`.`tipo_identificacion`, `companies`.`identificacion`, `companies`.`name`, `jobs`.`show_info`, `jobs`.`created_at`, `jobs`.`expiry_date`, `jobs`.`salary_from`, `jobs`.`salary_to`, `cities`.`code`, `industries`.`industry`, `job_types`.`type_for_report`, `jobs`.`is_freelance`, `jobs`.`is_freelance`, `jobs`.`slug`, `jobs`.`id` from `jobs` inner join `companies` on `companies`.`id` = `jobs`.`company_id` inner join `job_experiences` on `job_experiences`.`job_experience_id` = `jobs`.`job_experience_id` inner join `functional_areas` on `functional_areas`.`functional_area_id` = `jobs`.`functional_area_id` inner join `degree_levels` on `degree_levels`.`degree_level_id` = `jobs`.`degree_level_id` inner join `industries` on `industries`.`industry_id` = `companies`.`industry_id` inner join `job_types` on `job_types`.`job_type_id` = `jobs`.`job_type_id` inner join `cities` on `cities`.`city_id` = `jobs`.`city_id` where `job_experiences`.`is_default` = 1 and `job_types`.`is_default` = 1 and `jobs`.`created_at` between 2023-02-01 and 2023-02-28) {"exception":"[object] (Illuminate\\Database\\QueryException(code: 42S22): SQLSTATE[42S22]: Column not found: 1054 Unknown column 'job_experiences.job_experince' in 'field list' (SQL: select `jobs`.`company_id`, `jobs`.`id`, `jobs`.`title`, `jobs`.`description`, `job_experiences`.`job_experince`, `functional_areas`.`functional_area`, `degree_levels`.`qualification`, `jobs`.`salary_currency`, `jobs`.`num_of_positions`, `jobs`.`position`, `companies`.`tipo_identificacion`, `companies`.`identificacion`, `companies`.`name`, `jobs`.`show_info`, `jobs`.`created_at`, `jobs`.`expiry_date`, `jobs`.`salary_from`, `jobs`.`salary_to`, `cities`.`code`, `industries`.`industry`, `job_types`.`type_for_report`, `jobs`.`is_freelance`, `jobs`.`is_freelance`, `jobs`.`slug`, `jobs`.`id` from `jobs` inner join `companies` on `companies`.`id` = `jobs`.`company_id` inner join `job_experiences` on `job_experiences`.`job_experience_id` = `jobs`.`job_experience_id` inner join `functional_areas` on `functional_areas`.`functional_area_id` = `jobs`.`functional_area_id` inner join `degree_levels` on `degree_levels`.`degree_level_id` = `jobs`.`degree_level_id` inner join `industries` on `industries`.`industry_id` = `companies`.`industry_id` inner join `job_types` on `job_types`.`job_type_id` = `jobs`.`job_type_id` inner join `cities` on `cities`.`city_id` = `jobs`.`city_id` where `job_experiences`.`is_default` = 1 and `job_types`.`is_default` = 1 and `jobs`.`created_at` between 2023-02-01 and 2023-02-28) at C:\\laragon\\www\\cinoc\\main\\vendor\\laravel\\framework\\src\\Illuminate\\Database\\Connection.php:671)
[stacktrace]
#0 C:\\laragon\\www\\cinoc\\main\\vendor\\laravel\\framework\\src\\Illuminate\\Database\\Connection.php(631): Illuminate\\Database\\Connection->runQueryCallback('select `jobs`.`...', Array, Object(Closure))
#1 C:\\laragon\\www\\cinoc\\main\\vendor\\laravel\\framework\\src\\Illuminate\\Database\\Connection.php(339): Illuminate\\Database\\Connection->run('select `jobs`.`...', Array, Object(Closure))
#2 C:\\laragon\\www\\cinoc\\main\\vendor\\laravel\\framework\\src\\Illuminate\\Database\\Query\\Builder.php(2270): Illuminate\\Database\\Connection->select('select `jobs`.`...', Array, true)
#3 C:\\laragon\\www\\cinoc\\main\\vendor\\laravel\\framework\\src\\Illuminate\\Database\\Query\\Builder.php(2258): Illuminate\\Database\\Query\\Builder->runSelect()
#4 C:\\laragon\\www\\cinoc\\main\\vendor\\laravel\\framework\\src\\Illuminate\\Database\\Query\\Builder.php(2753): Illuminate\\Database\\Query\\Builder->Illuminate\\Database\\Query\\{closure}()
#5 C:\\laragon\\www\\cinoc\\main\\vendor\\laravel\\framework\\src\\Illuminate\\Database\\Query\\Builder.php(2259): Illuminate\\Database\\Query\\Builder->onceWithColumns(Array, Object(Closure))
#6 C:\\laragon\\www\\cinoc\\main\\vendor\\laravel\\framework\\src\\Illuminate\\Database\\Eloquent\\Builder.php(548): Illuminate\\Database\\Query\\Builder->get(Array)
#7 C:\\laragon\\www\\cinoc\\main\\vendor\\laravel\\framework\\src\\Illuminate\\Database\\Eloquent\\Builder.php(532): Illuminate\\Database\\Eloquent\\Builder->getModels(Array)
#8 C:\\laragon\\www\\cinoc\\main\\app\\Traits\\ReportsTxt.php(86): Illuminate\\Database\\Eloquent\\Builder->get()
#9 C:\\laragon\\www\\cinoc\\main\\app\\Http\\Controllers\\ReportController.php(203): App\\Http\\Controllers\\ReportController->PositionsTxt()
#10 C:\\laragon\\www\\cinoc\\main\\vendor\\laravel\\framework\\src\\Illuminate\\Routing\\Controller.php(54): App\\Http\\Controllers\\ReportController->download()
#11 C:\\laragon\\www\\cinoc\\main\\vendor\\laravel\\framework\\src\\Illuminate\\Routing\\ControllerDispatcher.php(45): Illuminate\\Routing\\Controller->callAction('download', Array)
#12 C:\\laragon\\www\\cinoc\\main\\vendor\\laravel\\framework\\src\\Illuminate\\Routing\\Route.php(239): Illuminate\\Routing\\ControllerDispatcher->dispatch(Object(Illuminate\\Routing\\Route), Object(App\\Http\\Controllers\\ReportController), 'download')
#13 C:\\laragon\\www\\cinoc\\main\\vendor\\laravel\\framework\\src\\Illuminate\\Routing\\Route.php(196): Illuminate\\Routing\\Route->runController()
#14 C:\\laragon\\www\\cinoc\\main\\vendor\\laravel\\framework\\src\\Illuminate\\Routing\\Router.php(685): Illuminate\\Routing\\Route->run()
#15 C:\\laragon\\www\\cinoc\\main\\vendor\\laravel\\framework\\src\\Illuminate\\Pipeline\\Pipeline.php(128): Illuminate\\Routing\\Router->Illuminate\\Routing\\{closure}(Object(Illuminate\\Http\\Request))
#16 C:\\laragon\\www\\cinoc\\main\\app\\Http\\Middleware\\Locale.php(73): Illuminate\\Pipeline\\Pipeline->Illuminate\\Pipeline\\{closure}(Object(Illuminate\\Http\\Request))
#17 C:\\laragon\\www\\cinoc\\main\\vendor\\laravel\\framework\\src\\Illuminate\\Pipeline\\Pipeline.php(167): App\\Http\\Middleware\\Locale->handle(Object(Illuminate\\Http\\Request), Object(Closure))
#18 C:\\laragon\\www\\cinoc\\main\\vendor\\laravel\\framework\\src\\Illuminate\\Routing\\Middleware\\SubstituteBindings.php(41): Illuminate\\Pipeline\\Pipeline->Illuminate\\Pipeline\\{closure}(Object(Illuminate\\Http\\Request))
#19 C:\\laragon\\www\\cinoc\\main\\vendor\\laravel\\framework\\src\\Illuminate\\Pipeline\\Pipeline.php(167): Illuminate\\Routing\\Middleware\\SubstituteBindings->handle(Object(Illuminate\\Http\\Request), Object(Closure))
#20 C:\\laragon\\www\\cinoc\\main\\vendor\\laravel\\framework\\src\\Illuminate\\Foundation\\Http\\Middleware\\VerifyCsrfToken.php(78): Illuminate\\Pipeline\\Pipeline->Illuminate\\Pipeline\\{closure}(Object(Illuminate\\Http\\Request))
#21 C:\\laragon\\www\\cinoc\\main\\vendor\\laravel\\framework\\src\\Illuminate\\Pipeline\\Pipeline.php(167): Illuminate\\Foundation\\Http\\Middleware\\VerifyCsrfToken->handle(Object(Illuminate\\Http\\Request), Object(Closure))
#22 C:\\laragon\\www\\cinoc\\main\\vendor\\laravel\\framework\\src\\Illuminate\\View\\Middleware\\ShareErrorsFromSession.php(49): Illuminate\\Pipeline\\Pipeline->Illuminate\\Pipeline\\{closure}(Object(Illuminate\\Http\\Request))
#23 C:\\laragon\\www\\cinoc\\main\\vendor\\laravel\\framework\\src\\Illuminate\\Pipeline\\Pipeline.php(167): Illuminate\\View\\Middleware\\ShareErrorsFromSession->handle(Object(Illuminate\\Http\\Request), Object(Closure))
#24 C:\\laragon\\www\\cinoc\\main\\vendor\\laravel\\framework\\src\\Illuminate\\Session\\Middleware\\StartSession.php(116): Illuminate\\Pipeline\\Pipeline->Illuminate\\Pipeline\\{closure}(Object(Illuminate\\Http\\Request))
#25 C:\\laragon\\www\\cinoc\\main\\vendor\\laravel\\framework\\src\\Illuminate\\Session\\Middleware\\StartSession.php(62): Illuminate\\Session\\Middleware\\StartSession->handleStatefulRequest(Object(Illuminate\\Http\\Request), Object(Illuminate\\Session\\Store), Object(Closure))
#26 C:\\laragon\\www\\cinoc\\main\\vendor\\laravel\\framework\\src\\Illuminate\\Pipeline\\Pipeline.php(167): Illuminate\\Session\\Middleware\\StartSession->handle(Object(Illuminate\\Http\\Request), Object(Closure))
#27 C:\\laragon\\www\\cinoc\\main\\vendor\\laravel\\framework\\src\\Illuminate\\Cookie\\Middleware\\AddQueuedCookiesToResponse.php(37): Illuminate\\Pipeline\\Pipeline->Illuminate\\Pipeline\\{closure}(Object(Illuminate\\Http\\Request))
#28 C:\\laragon\\www\\cinoc\\main\\vendor\\laravel\\framework\\src\\Illuminate\\Pipeline\\Pipeline.php(167): Illuminate\\Cookie\\Middleware\\AddQueuedCookiesToResponse->handle(Object(Illuminate\\Http\\Request), Object(Closure))
#29 C:\\laragon\\www\\cinoc\\main\\vendor\\laravel\\framework\\src\\Illuminate\\Cookie\\Middleware\\EncryptCookies.php(67): Illuminate\\Pipeline\\Pipeline->Illuminate\\Pipeline\\{closure}(Object(Illuminate\\Http\\Request))
#30 C:\\laragon\\www\\cinoc\\main\\vendor\\laravel\\framework\\src\\Illuminate\\Pipeline\\Pipeline.php(167): Illuminate\\Cookie\\Middleware\\EncryptCookies->handle(Object(Illuminate\\Http\\Request), Object(Closure))
#31 C:\\laragon\\www\\cinoc\\main\\vendor\\laravel\\framework\\src\\Illuminate\\Pipeline\\Pipeline.php(103): Illuminate\\Pipeline\\Pipeline->Illuminate\\Pipeline\\{closure}(Object(Illuminate\\Http\\Request))
#32 C:\\laragon\\www\\cinoc\\main\\vendor\\laravel\\framework\\src\\Illuminate\\Routing\\Router.php(687): Illuminate\\Pipeline\\Pipeline->then(Object(Closure))
#33 C:\\laragon\\www\\cinoc\\main\\vendor\\laravel\\framework\\src\\Illuminate\\Routing\\Router.php(662): Illuminate\\Routing\\Router->runRouteWithinStack(Object(Illuminate\\Routing\\Route), Object(Illuminate\\Http\\Request))
#34 C:\\laragon\\www\\cinoc\\main\\vendor\\laravel\\framework\\src\\Illuminate\\Routing\\Router.php(628): Illuminate\\Routing\\Router->runRoute(Object(Illuminate\\Http\\Request), Object(Illuminate\\Routing\\Route))
#35 C:\\laragon\\www\\cinoc\\main\\vendor\\laravel\\framework\\src\\Illuminate\\Routing\\Router.php(617): Illuminate\\Routing\\Router->dispatchToRoute(Object(Illuminate\\Http\\Request))
#36 C:\\laragon\\www\\cinoc\\main\\vendor\\laravel\\framework\\src\\Illuminate\\Foundation\\Http\\Kernel.php(165): Illuminate\\Routing\\Router->dispatch(Object(Illuminate\\Http\\Request))
#37 C:\\laragon\\www\\cinoc\\main\\vendor\\laravel\\framework\\src\\Illuminate\\Pipeline\\Pipeline.php(128): Illuminate\\Foundation\\Http\\Kernel->Illuminate\\Foundation\\Http\\{closure}(Object(Illuminate\\Http\\Request))
#38 C:\\laragon\\www\\cinoc\\main\\vendor\\fideloper\\proxy\\src\\TrustProxies.php(57): Illuminate\\Pipeline\\Pipeline->Illuminate\\Pipeline\\{closure}(Object(Illuminate\\Http\\Request))
#39 C:\\laragon\\www\\cinoc\\main\\vendor\\laravel\\framework\\src\\Illuminate\\Pipeline\\Pipeline.php(167): Fideloper\\Proxy\\TrustProxies->handle(Object(Illuminate\\Http\\Request), Object(Closure))
#40 C:\\laragon\\www\\cinoc\\main\\vendor\\laravel\\framework\\src\\Illuminate\\Foundation\\Http\\Middleware\\TransformsRequest.php(21): Illuminate\\Pipeline\\Pipeline->Illuminate\\Pipeline\\{closure}(Object(Illuminate\\Http\\Request))
#41 C:\\laragon\\www\\cinoc\\main\\vendor\\laravel\\framework\\src\\Illuminate\\Pipeline\\Pipeline.php(167): Illuminate\\Foundation\\Http\\Middleware\\TransformsRequest->handle(Object(Illuminate\\Http\\Request), Object(Closure))
#42 C:\\laragon\\www\\cinoc\\main\\vendor\\laravel\\framework\\src\\Illuminate\\Foundation\\Http\\Middleware\\TransformsRequest.php(21): Illuminate\\Pipeline\\Pipeline->Illuminate\\Pipeline\\{closure}(Object(Illuminate\\Http\\Request))
#43 C:\\laragon\\www\\cinoc\\main\\vendor\\laravel\\framework\\src\\Illuminate\\Pipeline\\Pipeline.php(167): Illuminate\\Foundation\\Http\\Middleware\\TransformsRequest->handle(Object(Illuminate\\Http\\Request), Object(Closure))
#44 C:\\laragon\\www\\cinoc\\main\\vendor\\laravel\\framework\\src\\Illuminate\\Foundation\\Http\\Middleware\\ValidatePostSize.php(27): Illuminate\\Pipeline\\Pipeline->Illuminate\\Pipeline\\{closure}(Object(Illuminate\\Http\\Request))
#45 C:\\laragon\\www\\cinoc\\main\\vendor\\laravel\\framework\\src\\Illuminate\\Pipeline\\Pipeline.php(167): Illuminate\\Foundation\\Http\\Middleware\\ValidatePostSize->handle(Object(Illuminate\\Http\\Request), Object(Closure))
#46 C:\\laragon\\www\\cinoc\\main\\vendor\\laravel\\framework\\src\\Illuminate\\Foundation\\Http\\Middleware\\CheckForMaintenanceMode.php(63): Illuminate\\Pipeline\\Pipeline->Illuminate\\Pipeline\\{closure}(Object(Illuminate\\Http\\Request))
#47 C:\\laragon\\www\\cinoc\\main\\vendor\\laravel\\framework\\src\\Illuminate\\Pipeline\\Pipeline.php(167): Illuminate\\Foundation\\Http\\Middleware\\CheckForMaintenanceMode->handle(Object(Illuminate\\Http\\Request), Object(Closure))
#48 C:\\laragon\\www\\cinoc\\main\\vendor\\laravel\\framework\\src\\Illuminate\\Pipeline\\Pipeline.php(103): Illuminate\\Pipeline\\Pipeline->Illuminate\\Pipeline\\{closure}(Object(Illuminate\\Http\\Request))
#49 C:\\laragon\\www\\cinoc\\main\\vendor\\laravel\\framework\\src\\Illuminate\\Foundation\\Http\\Kernel.php(140): Illuminate\\Pipeline\\Pipeline->then(Object(Closure))
#50 C:\\laragon\\www\\cinoc\\main\\vendor\\laravel\\framework\\src\\Illuminate\\Foundation\\Http\\Kernel.php(109): Illuminate\\Foundation\\Http\\Kernel->sendRequestThroughRouter(Object(Illuminate\\Http\\Request))
#51 C:\\laragon\\www\\cinoc\\index.php(56): Illuminate\\Foundation\\Http\\Kernel->handle(Object(Illuminate\\Http\\Request))
#52 {main}

[previous exception] [object] (PDOException(code: 42S22): SQLSTATE[42S22]: Column not found: 1054 Unknown column 'job_experiences.job_experince' in 'field list' at C:\\laragon\\www\\cinoc\\main\\vendor\\laravel\\framework\\src\\Illuminate\\Database\\Connection.php:331)
[stacktrace]
#0 C:\\laragon\\www\\cinoc\\main\\vendor\\laravel\\framework\\src\\Illuminate\\Database\\Connection.php(331): PDO->prepare('select `jobs`.`...')
#1 C:\\laragon\\www\\cinoc\\main\\vendor\\laravel\\framework\\src\\Illuminate\\Database\\Connection.php(664): Illuminate\\Database\\Connection->Illuminate\\Database\\{closure}('select `jobs`.`...', Array)
#2 C:\\laragon\\www\\cinoc\\main\\vendor\\laravel\\framework\\src\\Illuminate\\Database\\Connection.php(631): Illuminate\\Database\\Connection->runQueryCallback('select `jobs`.`...', Array, Object(Closure))
#3 C:\\laragon\\www\\cinoc\\main\\vendor\\laravel\\framework\\src\\Illuminate\\Database\\Connection.php(339): Illuminate\\Database\\Connection->run('select `jobs`.`...', Array, Object(Closure))
#4 C:\\laragon\\www\\cinoc\\main\\vendor\\laravel\\framework\\src\\Illuminate\\Database\\Query\\Builder.php(2270): Illuminate\\Database\\Connection->select('select `jobs`.`...', Array, true)
#5 C:\\laragon\\www\\cinoc\\main\\vendor\\laravel\\framework\\src\\Illuminate\\Database\\Query\\Builder.php(2258): Illuminate\\Database\\Query\\Builder->runSelect()
#6 C:\\laragon\\www\\cinoc\\main\\vendor\\laravel\\framework\\src\\Illuminate\\Database\\Query\\Builder.php(2753): Illuminate\\Database\\Query\\Builder->Illuminate\\Database\\Query\\{closure}()
#7 C:\\laragon\\www\\cinoc\\main\\vendor\\laravel\\framework\\src\\Illuminate\\Database\\Query\\Builder.php(2259): Illuminate\\Database\\Query\\Builder->onceWithColumns(Array, Object(Closure))
#8 C:\\laragon\\www\\cinoc\\main\\vendor\\laravel\\framework\\src\\Illuminate\\Database\\Eloquent\\Builder.php(548): Illuminate\\Database\\Query\\Builder->get(Array)
#9 C:\\laragon\\www\\cinoc\\main\\vendor\\laravel\\framework\\src\\Illuminate\\Database\\Eloquent\\Builder.php(532): Illuminate\\Database\\Eloquent\\Builder->getModels(Array)
#10 C:\\laragon\\www\\cinoc\\main\\app\\Traits\\ReportsTxt.php(86): Illuminate\\Database\\Eloquent\\Builder->get()
#11 C:\\laragon\\www\\cinoc\\main\\app\\Http\\Controllers\\ReportController.php(203): App\\Http\\Controllers\\ReportController->PositionsTxt()
#12 C:\\laragon\\www\\cinoc\\main\\vendor\\laravel\\framework\\src\\Illuminate\\Routing\\Controller.php(54): App\\Http\\Controllers\\ReportController->download()
#13 C:\\laragon\\www\\cinoc\\main\\vendor\\laravel\\framework\\src\\Illuminate\\Routing\\ControllerDispatcher.php(45): Illuminate\\Routing\\Controller->callAction('download', Array)
#14 C:\\laragon\\www\\cinoc\\main\\vendor\\laravel\\framework\\src\\Illuminate\\Routing\\Route.php(239): Illuminate\\Routing\\ControllerDispatcher->dispatch(Object(Illuminate\\Routing\\Route), Object(App\\Http\\Controllers\\ReportController), 'download')
#15 C:\\laragon\\www\\cinoc\\main\\vendor\\laravel\\framework\\src\\Illuminate\\Routing\\Route.php(196): Illuminate\\Routing\\Route->runController()
#16 C:\\laragon\\www\\cinoc\\main\\vendor\\laravel\\framework\\src\\Illuminate\\Routing\\Router.php(685): Illuminate\\Routing\\Route->run()
#17 C:\\laragon\\www\\cinoc\\main\\vendor\\laravel\\framework\\src\\Illuminate\\Pipeline\\Pipeline.php(128): Illuminate\\Routing\\Router->Illuminate\\Routing\\{closure}(Object(Illuminate\\Http\\Request))
#18 C:\\laragon\\www\\cinoc\\main\\app\\Http\\Middleware\\Locale.php(73): Illuminate\\Pipeline\\Pipeline->Illuminate\\Pipeline\\{closure}(Object(Illuminate\\Http\\Request))
#19 C:\\laragon\\www\\cinoc\\main\\vendor\\laravel\\framework\\src\\Illuminate\\Pipeline\\Pipeline.php(167): App\\Http\\Middleware\\Locale->handle(Object(Illuminate\\Http\\Request), Object(Closure))
#20 C:\\laragon\\www\\cinoc\\main\\vendor\\laravel\\framework\\src\\Illuminate\\Routing\\Middleware\\SubstituteBindings.php(41): Illuminate\\Pipeline\\Pipeline->Illuminate\\Pipeline\\{closure}(Object(Illuminate\\Http\\Request))
#21 C:\\laragon\\www\\cinoc\\main\\vendor\\laravel\\framework\\src\\Illuminate\\Pipeline\\Pipeline.php(167): Illuminate\\Routing\\Middleware\\SubstituteBindings->handle(Object(Illuminate\\Http\\Request), Object(Closure))
#22 C:\\laragon\\www\\cinoc\\main\\vendor\\laravel\\framework\\src\\Illuminate\\Foundation\\Http\\Middleware\\VerifyCsrfToken.php(78): Illuminate\\Pipeline\\Pipeline->Illuminate\\Pipeline\\{closure}(Object(Illuminate\\Http\\Request))
#23 C:\\laragon\\www\\cinoc\\main\\vendor\\laravel\\framework\\src\\Illuminate\\Pipeline\\Pipeline.php(167): Illuminate\\Foundation\\Http\\Middleware\\VerifyCsrfToken->handle(Object(Illuminate\\Http\\Request), Object(Closure))
#24 C:\\laragon\\www\\cinoc\\main\\vendor\\laravel\\framework\\src\\Illuminate\\View\\Middleware\\ShareErrorsFromSession.php(49): Illuminate\\Pipeline\\Pipeline->Illuminate\\Pipeline\\{closure}(Object(Illuminate\\Http\\Request))
#25 C:\\laragon\\www\\cinoc\\main\\vendor\\laravel\\framework\\src\\Illuminate\\Pipeline\\Pipeline.php(167): Illuminate\\View\\Middleware\\ShareErrorsFromSession->handle(Object(Illuminate\\Http\\Request), Object(Closure))
#26 C:\\laragon\\www\\cinoc\\main\\vendor\\laravel\\framework\\src\\Illuminate\\Session\\Middleware\\StartSession.php(116): Illuminate\\Pipeline\\Pipeline->Illuminate\\Pipeline\\{closure}(Object(Illuminate\\Http\\Request))
#27 C:\\laragon\\www\\cinoc\\main\\vendor\\laravel\\framework\\src\\Illuminate\\Session\\Middleware\\StartSession.php(62): Illuminate\\Session\\Middleware\\StartSession->handleStatefulRequest(Object(Illuminate\\Http\\Request), Object(Illuminate\\Session\\Store), Object(Closure))
#28 C:\\laragon\\www\\cinoc\\main\\vendor\\laravel\\framework\\src\\Illuminate\\Pipeline\\Pipeline.php(167): Illuminate\\Session\\Middleware\\StartSession->handle(Object(Illuminate\\Http\\Request), Object(Closure))
#29 C:\\laragon\\www\\cinoc\\main\\vendor\\laravel\\framework\\src\\Illuminate\\Cookie\\Middleware\\AddQueuedCookiesToResponse.php(37): Illuminate\\Pipeline\\Pipeline->Illuminate\\Pipeline\\{closure}(Object(Illuminate\\Http\\Request))
#30 C:\\laragon\\www\\cinoc\\main\\vendor\\laravel\\framework\\src\\Illuminate\\Pipeline\\Pipeline.php(167): Illuminate\\Cookie\\Middleware\\AddQueuedCookiesToResponse->handle(Object(Illuminate\\Http\\Request), Object(Closure))
#31 C:\\laragon\\www\\cinoc\\main\\vendor\\laravel\\framework\\src\\Illuminate\\Cookie\\Middleware\\EncryptCookies.php(67): Illuminate\\Pipeline\\Pipeline->Illuminate\\Pipeline\\{closure}(Object(Illuminate\\Http\\Request))
#32 C:\\laragon\\www\\cinoc\\main\\vendor\\laravel\\framework\\src\\Illuminate\\Pipeline\\Pipeline.php(167): Illuminate\\Cookie\\Middleware\\EncryptCookies->handle(Object(Illuminate\\Http\\Request), Object(Closure))
#33 C:\\laragon\\www\\cinoc\\main\\vendor\\laravel\\framework\\src\\Illuminate\\Pipeline\\Pipeline.php(103): Illuminate\\Pipeline\\Pipeline->Illuminate\\Pipeline\\{closure}(Object(Illuminate\\Http\\Request))
#34 C:\\laragon\\www\\cinoc\\main\\vendor\\laravel\\framework\\src\\Illuminate\\Routing\\Router.php(687): Illuminate\\Pipeline\\Pipeline->then(Object(Closure))
#35 C:\\laragon\\www\\cinoc\\main\\vendor\\laravel\\framework\\src\\Illuminate\\Routing\\Router.php(662): Illuminate\\Routing\\Router->runRouteWithinStack(Object(Illuminate\\Routing\\Route), Object(Illuminate\\Http\\Request))
#36 C:\\laragon\\www\\cinoc\\main\\vendor\\laravel\\framework\\src\\Illuminate\\Routing\\Router.php(628): Illuminate\\Routing\\Router->runRoute(Object(Illuminate\\Http\\Request), Object(Illuminate\\Routing\\Route))
#37 C:\\laragon\\www\\cinoc\\main\\vendor\\laravel\\framework\\src\\Illuminate\\Routing\\Router.php(617): Illuminate\\Routing\\Router->dispatchToRoute(Object(Illuminate\\Http\\Request))
#38 C:\\laragon\\www\\cinoc\\main\\vendor\\laravel\\framework\\src\\Illuminate\\Foundation\\Http\\Kernel.php(165): Illuminate\\Routing\\Router->dispatch(Object(Illuminate\\Http\\Request))
#39 C:\\laragon\\www\\cinoc\\main\\vendor\\laravel\\framework\\src\\Illuminate\\Pipeline\\Pipeline.php(128): Illuminate\\Foundation\\Http\\Kernel->Illuminate\\Foundation\\Http\\{closure}(Object(Illuminate\\Http\\Request))
#40 C:\\laragon\\www\\cinoc\\main\\vendor\\fideloper\\proxy\\src\\TrustProxies.php(57): Illuminate\\Pipeline\\Pipeline->Illuminate\\Pipeline\\{closure}(Object(Illuminate\\Http\\Request))
#41 C:\\laragon\\www\\cinoc\\main\\vendor\\laravel\\framework\\src\\Illuminate\\Pipeline\\Pipeline.php(167): Fideloper\\Proxy\\TrustProxies->handle(Object(Illuminate\\Http\\Request), Object(Closure))
#42 C:\\laragon\\www\\cinoc\\main\\vendor\\laravel\\framework\\src\\Illuminate\\Foundation\\Http\\Middleware\\TransformsRequest.php(21): Illuminate\\Pipeline\\Pipeline->Illuminate\\Pipeline\\{closure}(Object(Illuminate\\Http\\Request))
#43 C:\\laragon\\www\\cinoc\\main\\vendor\\laravel\\framework\\src\\Illuminate\\Pipeline\\Pipeline.php(167): Illuminate\\Foundation\\Http\\Middleware\\TransformsRequest->handle(Object(Illuminate\\Http\\Request), Object(Closure))
#44 C:\\laragon\\www\\cinoc\\main\\vendor\\laravel\\framework\\src\\Illuminate\\Foundation\\Http\\Middleware\\TransformsRequest.php(21): Illuminate\\Pipeline\\Pipeline->Illuminate\\Pipeline\\{closure}(Object(Illuminate\\Http\\Request))
#45 C:\\laragon\\www\\cinoc\\main\\vendor\\laravel\\framework\\src\\Illuminate\\Pipeline\\Pipeline.php(167): Illuminate\\Foundation\\Http\\Middleware\\TransformsRequest->handle(Object(Illuminate\\Http\\Request), Object(Closure))
#46 C:\\laragon\\www\\cinoc\\main\\vendor\\laravel\\framework\\src\\Illuminate\\Foundation\\Http\\Middleware\\ValidatePostSize.php(27): Illuminate\\Pipeline\\Pipeline->Illuminate\\Pipeline\\{closure}(Object(Illuminate\\Http\\Request))
#47 C:\\laragon\\www\\cinoc\\main\\vendor\\laravel\\framework\\src\\Illuminate\\Pipeline\\Pipeline.php(167): Illuminate\\Foundation\\Http\\Middleware\\ValidatePostSize->handle(Object(Illuminate\\Http\\Request), Object(Closure))
#48 C:\\laragon\\www\\cinoc\\main\\vendor\\laravel\\framework\\src\\Illuminate\\Foundation\\Http\\Middleware\\CheckForMaintenanceMode.php(63): Illuminate\\Pipeline\\Pipeline->Illuminate\\Pipeline\\{closure}(Object(Illuminate\\Http\\Request))
#49 C:\\laragon\\www\\cinoc\\main\\vendor\\laravel\\framework\\src\\Illuminate\\Pipeline\\Pipeline.php(167): Illuminate\\Foundation\\Http\\Middleware\\CheckForMaintenanceMode->handle(Object(Illuminate\\Http\\Request), Object(Closure))
#50 C:\\laragon\\www\\cinoc\\main\\vendor\\laravel\\framework\\src\\Illuminate\\Pipeline\\Pipeline.php(103): Illuminate\\Pipeline\\Pipeline->Illuminate\\Pipeline\\{closure}(Object(Illuminate\\Http\\Request))
#51 C:\\laragon\\www\\cinoc\\main\\vendor\\laravel\\framework\\src\\Illuminate\\Foundation\\Http\\Kernel.php(140): Illuminate\\Pipeline\\Pipeline->then(Object(Closure))
#52 C:\\laragon\\www\\cinoc\\main\\vendor\\laravel\\framework\\src\\Illuminate\\Foundation\\Http\\Kernel.php(109): Illuminate\\Foundation\\Http\\Kernel->sendRequestThroughRouter(Object(Illuminate\\Http\\Request))
#53 C:\\laragon\\www\\cinoc\\index.php(56): Illuminate\\Foundation\\Http\\Kernel->handle(Object(Illuminate\\Http\\Request))
#54 {main}
"} 
[2023-02-13 17:45:15] laravel.EMERGENCY: Unable to create configured logger. Using emergency logger. {"exception":"[object] (Error(code: 0): Class \"Illuminate\\Support\\Collection\" not found at C:\\laragon\\www\\cinoc\\main\\vendor\\laravel\\framework\\src\\Illuminate\\Support\\helpers.php:110)
[stacktrace]
#0 C:\\laragon\\www\\cinoc\\main\\vendor\\laravel\\framework\\src\\Illuminate\\Log\\LogManager.php(240): collect(Array)
#1 C:\\laragon\\www\\cinoc\\main\\vendor\\laravel\\framework\\src\\Illuminate\\Log\\LogManager.php(202): Illuminate\\Log\\LogManager->createStackDriver(Array)
#2 C:\\laragon\\www\\cinoc\\main\\vendor\\laravel\\framework\\src\\Illuminate\\Log\\LogManager.php(118): Illuminate\\Log\\LogManager->resolve('stack')
#3 C:\\laragon\\www\\cinoc\\main\\vendor\\laravel\\framework\\src\\Illuminate\\Log\\LogManager.php(98): Illuminate\\Log\\LogManager->get('stack')
#4 C:\\laragon\\www\\cinoc\\main\\vendor\\laravel\\framework\\src\\Illuminate\\Log\\LogManager.php(543): Illuminate\\Log\\LogManager->driver()
#5 C:\\laragon\\www\\cinoc\\main\\vendor\\laravel\\framework\\src\\Illuminate\\Foundation\\Exceptions\\Handler.php(123): Illuminate\\Log\\LogManager->error('During inherita...', Array)
#6 C:\\laragon\\www\\cinoc\\main\\app\\Exceptions\\Handler.php(77): Illuminate\\Foundation\\Exceptions\\Handler->report(Object(Symfony\\Component\\ErrorHandler\\Error\\FatalError))
#7 C:\\laragon\\www\\cinoc\\main\\vendor\\laravel\\framework\\src\\Illuminate\\Foundation\\Bootstrap\\HandleExceptions.php(88): App\\Exceptions\\Handler->report(Object(Symfony\\Component\\ErrorHandler\\Error\\FatalError))
#8 C:\\laragon\\www\\cinoc\\main\\vendor\\laravel\\framework\\src\\Illuminate\\Foundation\\Bootstrap\\HandleExceptions.php(130): Illuminate\\Foundation\\Bootstrap\\HandleExceptions->handleException(Object(Symfony\\Component\\ErrorHandler\\Error\\FatalError))
#9 [internal function]: Illuminate\\Foundation\\Bootstrap\\HandleExceptions->handleShutdown()
#10 {main}
"} 
[2023-02-13 17:45:15] laravel.ERROR: During inheritance of ArrayAccess: Uncaught ErrorException: Return type of Illuminate\Support\Collection::offsetExists($key) should either be compatible with ArrayAccess::offsetExists(mixed $offset): bool, or the #[\ReturnTypeWillChange] attribute should be used to temporarily suppress the notice in C:\laragon\www\cinoc\main\vendor\laravel\framework\src\Illuminate\Support\Collection.php:1349
Stack trace:
#0 C:\laragon\www\cinoc\main\vendor\laravel\framework\src\Illuminate\Support\Collection.php(11): Illuminate\Foundation\Bootstrap\HandleExceptions->handleError(8192, 'Return type of ...', 'C:\\laragon\\www\\...', 1349)
#1 C:\laragon\www\cinoc\main\vendor\composer\ClassLoader.php(582): include('C:\\laragon\\www\\...')
#2 C:\laragon\www\cinoc\main\vendor\composer\ClassLoader.php(433): Composer\Autoload\{closure}('C:\\laragon\\www\\...')
#3 C:\laragon\www\cinoc\main\vendor\laravel\framework\src\Illuminate\Support\helpers.php(110): Composer\Autoload\ClassLoader->loadClass('Illuminate\\Supp...')
#4 C:\laragon\www\cinoc\main\vendor\laravel\framework\src\Illuminate\Foundation\PackageManifest.php(89): collect(Array)
#5 C:\laragon\www\cinoc\main\vendor\laravel\framework\src\Illuminate\Foundation\PackageManifest.php(78): Illuminate\Foundation\PackageManifest->config('aliases')
#6 C:\laragon\www\cinoc\main\vendor\laravel\framework\src\Illuminate\Foundation\Bootstrap\RegisterFacades.php(26): Illuminate\Foundation\PackageManifest->aliases()
#7 C:\laragon\www\cinoc\main\vendor\laravel\framework\src\Illuminate\Foundation\Application.php(230): Illuminate\Foundation\Bootstrap\RegisterFacades->bootstrap(Object(Illuminate\Foundation\Application))
#8 C:\laragon\www\cinoc\main\vendor\laravel\framework\src\Illuminate\Foundation\Http\Kernel.php(151): Illuminate\Foundation\Application->bootstrapWith(Array)
#9 C:\laragon\www\cinoc\main\vendor\laravel\framework\src\Illuminate\Foundation\Http\Kernel.php(135): Illuminate\Foundation\Http\Kernel->bootstrap()
#10 C:\laragon\www\cinoc\main\vendor\laravel\framework\src\Illuminate\Foundation\Http\Kernel.php(109): Illuminate\Foundation\Http\Kernel->sendRequestThroughRouter(Object(Illuminate\Http\Request))
#11 C:\laragon\www\cinoc\index.php(56): Illuminate\Foundation\Http\Kernel->handle(Object(Illuminate\Http\Request))
#12 {main} {"exception":"[object] (Symfony\\Component\\ErrorHandler\\Error\\FatalError(code: 0): During inheritance of ArrayAccess: Uncaught ErrorException: Return type of Illuminate\\Support\\Collection::offsetExists($key) should either be compatible with ArrayAccess::offsetExists(mixed $offset): bool, or the #[\\ReturnTypeWillChange] attribute should be used to temporarily suppress the notice in C:\\laragon\\www\\cinoc\\main\\vendor\\laravel\\framework\\src\\Illuminate\\Support\\Collection.php:1349
Stack trace:
#0 C:\\laragon\\www\\cinoc\\main\\vendor\\laravel\\framework\\src\\Illuminate\\Support\\Collection.php(11): Illuminate\\Foundation\\Bootstrap\\HandleExceptions->handleError(8192, 'Return type of ...', 'C:\\\\laragon\\\\www\\\\...', 1349)
#1 C:\\laragon\\www\\cinoc\\main\\vendor\\composer\\ClassLoader.php(582): include('C:\\\\laragon\\\\www\\\\...')
#2 C:\\laragon\\www\\cinoc\\main\\vendor\\composer\\ClassLoader.php(433): Composer\\Autoload\\{closure}('C:\\\\laragon\\\\www\\\\...')
#3 C:\\laragon\\www\\cinoc\\main\\vendor\\laravel\\framework\\src\\Illuminate\\Support\\helpers.php(110): Composer\\Autoload\\ClassLoader->loadClass('Illuminate\\\\Supp...')
#4 C:\\laragon\\www\\cinoc\\main\\vendor\\laravel\\framework\\src\\Illuminate\\Foundation\\PackageManifest.php(89): collect(Array)
#5 C:\\laragon\\www\\cinoc\\main\\vendor\\laravel\\framework\\src\\Illuminate\\Foundation\\PackageManifest.php(78): Illuminate\\Foundation\\PackageManifest->config('aliases')
#6 C:\\laragon\\www\\cinoc\\main\\vendor\\laravel\\framework\\src\\Illuminate\\Foundation\\Bootstrap\\RegisterFacades.php(26): Illuminate\\Foundation\\PackageManifest->aliases()
#7 C:\\laragon\\www\\cinoc\\main\\vendor\\laravel\\framework\\src\\Illuminate\\Foundation\\Application.php(230): Illuminate\\Foundation\\Bootstrap\\RegisterFacades->bootstrap(Object(Illuminate\\Foundation\\Application))
#8 C:\\laragon\\www\\cinoc\\main\\vendor\\laravel\\framework\\src\\Illuminate\\Foundation\\Http\\Kernel.php(151): Illuminate\\Foundation\\Application->bootstrapWith(Array)
#9 C:\\laragon\\www\\cinoc\\main\\vendor\\laravel\\framework\\src\\Illuminate\\Foundation\\Http\\Kernel.php(135): Illuminate\\Foundation\\Http\\Kernel->bootstrap()
#10 C:\\laragon\\www\\cinoc\\main\\vendor\\laravel\\framework\\src\\Illuminate\\Foundation\\Http\\Kernel.php(109): Illuminate\\Foundation\\Http\\Kernel->sendRequestThroughRouter(Object(Illuminate\\Http\\Request))
#11 C:\\laragon\\www\\cinoc\\index.php(56): Illuminate\\Foundation\\Http\\Kernel->handle(Object(Illuminate\\Http\\Request))
#12 {main} at C:\\laragon\\www\\cinoc\\main\\vendor\\laravel\\framework\\src\\Illuminate\\Support\\Collection.php:11)
[stacktrace]
#0 {main}
"} 
[2023-02-13 17:45:15] laravel.EMERGENCY: Unable to create configured logger. Using emergency logger. {"exception":"[object] (Error(code: 0): Class \"Illuminate\\Support\\Collection\" not found at C:\\laragon\\www\\cinoc\\main\\vendor\\laravel\\framework\\src\\Illuminate\\Support\\helpers.php:110)
[stacktrace]
#0 C:\\laragon\\www\\cinoc\\main\\vendor\\laravel\\framework\\src\\Illuminate\\Log\\LogManager.php(240): collect(Array)
#1 C:\\laragon\\www\\cinoc\\main\\vendor\\laravel\\framework\\src\\Illuminate\\Log\\LogManager.php(202): Illuminate\\Log\\LogManager->createStackDriver(Array)
#2 C:\\laragon\\www\\cinoc\\main\\vendor\\laravel\\framework\\src\\Illuminate\\Log\\LogManager.php(118): Illuminate\\Log\\LogManager->resolve('stack')
#3 C:\\laragon\\www\\cinoc\\main\\vendor\\laravel\\framework\\src\\Illuminate\\Log\\LogManager.php(98): Illuminate\\Log\\LogManager->get('stack')
#4 C:\\laragon\\www\\cinoc\\main\\vendor\\laravel\\framework\\src\\Illuminate\\Log\\LogManager.php(543): Illuminate\\Log\\LogManager->driver()
#5 C:\\laragon\\www\\cinoc\\main\\vendor\\laravel\\framework\\src\\Illuminate\\Foundation\\Exceptions\\Handler.php(123): Illuminate\\Log\\LogManager->error('During inherita...', Array)
#6 C:\\laragon\\www\\cinoc\\main\\app\\Exceptions\\Handler.php(77): Illuminate\\Foundation\\Exceptions\\Handler->report(Object(Symfony\\Component\\ErrorHandler\\Error\\FatalError))
#7 C:\\laragon\\www\\cinoc\\main\\vendor\\laravel\\framework\\src\\Illuminate\\Foundation\\Bootstrap\\HandleExceptions.php(88): App\\Exceptions\\Handler->report(Object(Symfony\\Component\\ErrorHandler\\Error\\FatalError))
#8 C:\\laragon\\www\\cinoc\\main\\vendor\\laravel\\framework\\src\\Illuminate\\Foundation\\Bootstrap\\HandleExceptions.php(130): Illuminate\\Foundation\\Bootstrap\\HandleExceptions->handleException(Object(Symfony\\Component\\ErrorHandler\\Error\\FatalError))
#9 [internal function]: Illuminate\\Foundation\\Bootstrap\\HandleExceptions->handleShutdown()
#10 {main}
"} 
[2023-02-13 17:45:15] laravel.ERROR: During inheritance of ArrayAccess: Uncaught ErrorException: Return type of Illuminate\Support\Collection::offsetExists($key) should either be compatible with ArrayAccess::offsetExists(mixed $offset): bool, or the #[\ReturnTypeWillChange] attribute should be used to temporarily suppress the notice in C:\laragon\www\cinoc\main\vendor\laravel\framework\src\Illuminate\Support\Collection.php:1349
Stack trace:
#0 C:\laragon\www\cinoc\main\vendor\laravel\framework\src\Illuminate\Support\Collection.php(11): Illuminate\Foundation\Bootstrap\HandleExceptions->handleError(8192, 'Return type of ...', 'C:\\laragon\\www\\...', 1349)
#1 C:\laragon\www\cinoc\main\vendor\composer\ClassLoader.php(582): include('C:\\laragon\\www\\...')
#2 C:\laragon\www\cinoc\main\vendor\composer\ClassLoader.php(433): Composer\Autoload\{closure}('C:\\laragon\\www\\...')
#3 C:\laragon\www\cinoc\main\vendor\laravel\framework\src\Illuminate\Support\helpers.php(110): Composer\Autoload\ClassLoader->loadClass('Illuminate\\Supp...')
#4 C:\laragon\www\cinoc\main\vendor\laravel\framework\src\Illuminate\Foundation\PackageManifest.php(89): collect(Array)
#5 C:\laragon\www\cinoc\main\vendor\laravel\framework\src\Illuminate\Foundation\PackageManifest.php(78): Illuminate\Foundation\PackageManifest->config('aliases')
#6 C:\laragon\www\cinoc\main\vendor\laravel\framework\src\Illuminate\Foundation\Bootstrap\RegisterFacades.php(26): Illuminate\Foundation\PackageManifest->aliases()
#7 C:\laragon\www\cinoc\main\vendor\laravel\framework\src\Illuminate\Foundation\Application.php(230): Illuminate\Foundation\Bootstrap\RegisterFacades->bootstrap(Object(Illuminate\Foundation\Application))
#8 C:\laragon\www\cinoc\main\vendor\laravel\framework\src\Illuminate\Foundation\Http\Kernel.php(151): Illuminate\Foundation\Application->bootstrapWith(Array)
#9 C:\laragon\www\cinoc\main\vendor\laravel\framework\src\Illuminate\Foundation\Http\Kernel.php(135): Illuminate\Foundation\Http\Kernel->bootstrap()
#10 C:\laragon\www\cinoc\main\vendor\laravel\framework\src\Illuminate\Foundation\Http\Kernel.php(109): Illuminate\Foundation\Http\Kernel->sendRequestThroughRouter(Object(Illuminate\Http\Request))
#11 C:\laragon\www\cinoc\index.php(56): Illuminate\Foundation\Http\Kernel->handle(Object(Illuminate\Http\Request))
#12 {main} {"exception":"[object] (Symfony\\Component\\ErrorHandler\\Error\\FatalError(code: 0): During inheritance of ArrayAccess: Uncaught ErrorException: Return type of Illuminate\\Support\\Collection::offsetExists($key) should either be compatible with ArrayAccess::offsetExists(mixed $offset): bool, or the #[\\ReturnTypeWillChange] attribute should be used to temporarily suppress the notice in C:\\laragon\\www\\cinoc\\main\\vendor\\laravel\\framework\\src\\Illuminate\\Support\\Collection.php:1349
Stack trace:
#0 C:\\laragon\\www\\cinoc\\main\\vendor\\laravel\\framework\\src\\Illuminate\\Support\\Collection.php(11): Illuminate\\Foundation\\Bootstrap\\HandleExceptions->handleError(8192, 'Return type of ...', 'C:\\\\laragon\\\\www\\\\...', 1349)
#1 C:\\laragon\\www\\cinoc\\main\\vendor\\composer\\ClassLoader.php(582): include('C:\\\\laragon\\\\www\\\\...')
#2 C:\\laragon\\www\\cinoc\\main\\vendor\\composer\\ClassLoader.php(433): Composer\\Autoload\\{closure}('C:\\\\laragon\\\\www\\\\...')
#3 C:\\laragon\\www\\cinoc\\main\\vendor\\laravel\\framework\\src\\Illuminate\\Support\\helpers.php(110): Composer\\Autoload\\ClassLoader->loadClass('Illuminate\\\\Supp...')
#4 C:\\laragon\\www\\cinoc\\main\\vendor\\laravel\\framework\\src\\Illuminate\\Foundation\\PackageManifest.php(89): collect(Array)
#5 C:\\laragon\\www\\cinoc\\main\\vendor\\laravel\\framework\\src\\Illuminate\\Foundation\\PackageManifest.php(78): Illuminate\\Foundation\\PackageManifest->config('aliases')
#6 C:\\laragon\\www\\cinoc\\main\\vendor\\laravel\\framework\\src\\Illuminate\\Foundation\\Bootstrap\\RegisterFacades.php(26): Illuminate\\Foundation\\PackageManifest->aliases()
#7 C:\\laragon\\www\\cinoc\\main\\vendor\\laravel\\framework\\src\\Illuminate\\Foundation\\Application.php(230): Illuminate\\Foundation\\Bootstrap\\RegisterFacades->bootstrap(Object(Illuminate\\Foundation\\Application))
#8 C:\\laragon\\www\\cinoc\\main\\vendor\\laravel\\framework\\src\\Illuminate\\Foundation\\Http\\Kernel.php(151): Illuminate\\Foundation\\Application->bootstrapWith(Array)
#9 C:\\laragon\\www\\cinoc\\main\\vendor\\laravel\\framework\\src\\Illuminate\\Foundation\\Http\\Kernel.php(135): Illuminate\\Foundation\\Http\\Kernel->bootstrap()
#10 C:\\laragon\\www\\cinoc\\main\\vendor\\laravel\\framework\\src\\Illuminate\\Foundation\\Http\\Kernel.php(109): Illuminate\\Foundation\\Http\\Kernel->sendRequestThroughRouter(Object(Illuminate\\Http\\Request))
#11 C:\\laragon\\www\\cinoc\\index.php(56): Illuminate\\Foundation\\Http\\Kernel->handle(Object(Illuminate\\Http\\Request))
#12 {main} at C:\\laragon\\www\\cinoc\\main\\vendor\\laravel\\framework\\src\\Illuminate\\Support\\Collection.php:11)
[stacktrace]
#0 {main}
"} 
